<?xml version="1.0" encoding="UTF-8"?>
<coverage generated="1571868963587" clover="3.2.0">
  <project timestamp="1571868963587" name="All files">
    <metrics statements="18" coveredstatements="18" conditionals="8" coveredconditionals="7" methods="9" coveredmethods="9" elements="35" coveredelements="34" complexity="0" loc="18" ncloc="18" packages="1" files="1" classes="1"/>
    <file name="set.js" path="/home/evan/career-track/set/set.js">
      <metrics statements="18" coveredstatements="18" conditionals="8" coveredconditionals="7" methods="9" coveredmethods="9"/>
      <line num="3" count="10" type="cond" truecount="2" falsecount="0"/>
      <line num="6" count="7" type="stmt"/>
      <line num="9" count="1" type="stmt"/>
      <line num="12" count="11" type="stmt"/>
      <line num="15" count="1" type="stmt"/>
      <line num="16" count="1" type="stmt"/>
      <line num="17" count="3" type="cond" truecount="2" falsecount="0"/>
      <line num="18" count="2" type="stmt"/>
      <line num="21" count="1" type="stmt"/>
      <line num="24" count="1" type="stmt"/>
      <line num="25" count="1" type="stmt"/>
      <line num="26" count="3" type="cond" truecount="1" falsecount="1"/>
      <line num="27" count="3" type="stmt"/>
      <line num="30" count="1" type="stmt"/>
      <line num="31" count="3" type="cond" truecount="2" falsecount="0"/>
      <line num="32" count="1" type="stmt"/>
      <line num="35" count="1" type="stmt"/>
      <line num="39" count="1" type="stmt"/>
    </file>
  </project>
</coverage>
