{"/home/evan/career-track/set/set.js": {"path":"/home/evan/career-track/set/set.js","statementMap":{"0":{"start":{"line":3,"column":4},"end":{"line":3,"column":30}},"1":{"start":{"line":6,"column":4},"end":{"line":6,"column":28}},"2":{"start":{"line":9,"column":4},"end":{"line":9,"column":54}},"3":{"start":{"line":12,"column":4},"end":{"line":12,"column":38}},"4":{"start":{"line":15,"column":17},"end":{"line":15,"column":26}},"5":{"start":{"line":16,"column":4},"end":{"line":20,"column":7}},"6":{"start":{"line":17,"column":6},"end":{"line":19,"column":7}},"7":{"start":{"line":18,"column":8},"end":{"line":18,"column":26}},"8":{"start":{"line":21,"column":4},"end":{"line":21,"column":18}},"9":{"start":{"line":24,"column":17},"end":{"line":24,"column":26}},"10":{"start":{"line":25,"column":4},"end":{"line":29,"column":7}},"11":{"start":{"line":26,"column":6},"end":{"line":28,"column":7}},"12":{"start":{"line":27,"column":8},"end":{"line":27,"column":26}},"13":{"start":{"line":30,"column":4},"end":{"line":34,"column":7}},"14":{"start":{"line":31,"column":6},"end":{"line":33,"column":7}},"15":{"start":{"line":32,"column":8},"end":{"line":32,"column":26}},"16":{"start":{"line":35,"column":4},"end":{"line":35,"column":18}},"17":{"start":{"line":38,"column":17},"end":{"line":38,"column":26}},"18":{"start":{"line":39,"column":4},"end":{"line":43,"column":7}},"19":{"start":{"line":40,"column":6},"end":{"line":42,"column":7}},"20":{"start":{"line":41,"column":8},"end":{"line":41,"column":26}},"21":{"start":{"line":44,"column":4},"end":{"line":48,"column":7}},"22":{"start":{"line":45,"column":6},"end":{"line":47,"column":7}},"23":{"start":{"line":46,"column":8},"end":{"line":46,"column":26}},"24":{"start":{"line":49,"column":4},"end":{"line":49,"column":18}},"25":{"start":{"line":52,"column":17},"end":{"line":52,"column":26}},"26":{"start":{"line":53,"column":4},"end":{"line":57,"column":7}},"27":{"start":{"line":54,"column":6},"end":{"line":56,"column":7}},"28":{"start":{"line":55,"column":8},"end":{"line":55,"column":26}},"29":{"start":{"line":58,"column":4},"end":{"line":58,"column":18}},"30":{"start":{"line":61,"column":17},"end":{"line":61,"column":26}},"31":{"start":{"line":62,"column":4},"end":{"line":66,"column":7}},"32":{"start":{"line":63,"column":6},"end":{"line":65,"column":7}},"33":{"start":{"line":64,"column":8},"end":{"line":64,"column":26}},"34":{"start":{"line":67,"column":4},"end":{"line":71,"column":7}},"35":{"start":{"line":68,"column":6},"end":{"line":70,"column":7}},"36":{"start":{"line":69,"column":8},"end":{"line":69,"column":26}},"37":{"start":{"line":72,"column":4},"end":{"line":72,"column":18}},"38":{"start":{"line":75,"column":17},"end":{"line":75,"column":26}},"39":{"start":{"line":76,"column":4},"end":{"line":80,"column":7}},"40":{"start":{"line":77,"column":6},"end":{"line":79,"column":7}},"41":{"start":{"line":78,"column":8},"end":{"line":78,"column":26}},"42":{"start":{"line":81,"column":4},"end":{"line":85,"column":7}},"43":{"start":{"line":82,"column":6},"end":{"line":84,"column":7}},"44":{"start":{"line":83,"column":8},"end":{"line":83,"column":26}},"45":{"start":{"line":86,"column":4},"end":{"line":86,"column":18}},"46":{"start":{"line":90,"column":0},"end":{"line":90,"column":21}}},"fnMap":{"0":{"name":"(anonymous_0)","decl":{"start":{"line":2,"column":2},"end":{"line":2,"column":3}},"loc":{"start":{"line":2,"column":21},"end":{"line":4,"column":3}},"line":2},"1":{"name":"(anonymous_1)","decl":{"start":{"line":5,"column":2},"end":{"line":5,"column":3}},"loc":{"start":{"line":5,"column":13},"end":{"line":7,"column":3}},"line":5},"2":{"name":"(anonymous_2)","decl":{"start":{"line":8,"column":2},"end":{"line":8,"column":3}},"loc":{"start":{"line":8,"column":16},"end":{"line":10,"column":3}},"line":8},"3":{"name":"(anonymous_3)","decl":{"start":{"line":11,"column":2},"end":{"line":11,"column":3}},"loc":{"start":{"line":11,"column":13},"end":{"line":13,"column":3}},"line":11},"4":{"name":"(anonymous_4)","decl":{"start":{"line":14,"column":2},"end":{"line":14,"column":3}},"loc":{"start":{"line":14,"column":20},"end":{"line":22,"column":3}},"line":14},"5":{"name":"(anonymous_5)","decl":{"start":{"line":16,"column":24},"end":{"line":16,"column":25}},"loc":{"start":{"line":16,"column":33},"end":{"line":20,"column":5}},"line":16},"6":{"name":"(anonymous_6)","decl":{"start":{"line":23,"column":2},"end":{"line":23,"column":3}},"loc":{"start":{"line":23,"column":13},"end":{"line":36,"column":3}},"line":23},"7":{"name":"(anonymous_7)","decl":{"start":{"line":25,"column":24},"end":{"line":25,"column":25}},"loc":{"start":{"line":25,"column":33},"end":{"line":29,"column":5}},"line":25},"8":{"name":"(anonymous_8)","decl":{"start":{"line":30,"column":23},"end":{"line":30,"column":24}},"loc":{"start":{"line":30,"column":32},"end":{"line":34,"column":5}},"line":30},"9":{"name":"(anonymous_9)","decl":{"start":{"line":37,"column":2},"end":{"line":37,"column":3}},"loc":{"start":{"line":37,"column":18},"end":{"line":50,"column":3}},"line":37},"10":{"name":"(anonymous_10)","decl":{"start":{"line":39,"column":24},"end":{"line":39,"column":25}},"loc":{"start":{"line":39,"column":33},"end":{"line":43,"column":5}},"line":39},"11":{"name":"(anonymous_11)","decl":{"start":{"line":44,"column":23},"end":{"line":44,"column":24}},"loc":{"start":{"line":44,"column":32},"end":{"line":48,"column":5}},"line":44},"12":{"name":"(anonymous_12)","decl":{"start":{"line":51,"column":2},"end":{"line":51,"column":3}},"loc":{"start":{"line":51,"column":40},"end":{"line":59,"column":3}},"line":51},"13":{"name":"(anonymous_13)","decl":{"start":{"line":53,"column":24},"end":{"line":53,"column":25}},"loc":{"start":{"line":53,"column":33},"end":{"line":57,"column":5}},"line":53},"14":{"name":"(anonymous_14)","decl":{"start":{"line":60,"column":2},"end":{"line":60,"column":3}},"loc":{"start":{"line":60,"column":33},"end":{"line":73,"column":3}},"line":60},"15":{"name":"(anonymous_15)","decl":{"start":{"line":62,"column":24},"end":{"line":62,"column":25}},"loc":{"start":{"line":62,"column":33},"end":{"line":66,"column":5}},"line":62},"16":{"name":"(anonymous_16)","decl":{"start":{"line":67,"column":24},"end":{"line":67,"column":25}},"loc":{"start":{"line":67,"column":33},"end":{"line":71,"column":5}},"line":67},"17":{"name":"(anonymous_17)","decl":{"start":{"line":74,"column":2},"end":{"line":74,"column":3}},"loc":{"start":{"line":74,"column":38},"end":{"line":87,"column":3}},"line":74},"18":{"name":"(anonymous_18)","decl":{"start":{"line":76,"column":24},"end":{"line":76,"column":25}},"loc":{"start":{"line":76,"column":33},"end":{"line":80,"column":5}},"line":76},"19":{"name":"(anonymous_19)","decl":{"start":{"line":81,"column":24},"end":{"line":81,"column":25}},"loc":{"start":{"line":81,"column":33},"end":{"line":85,"column":5}},"line":81}},"branchMap":{"0":{"loc":{"start":{"line":3,"column":18},"end":{"line":3,"column":29}},"type":"binary-expr","locations":[{"start":{"line":3,"column":18},"end":{"line":3,"column":23}},{"start":{"line":3,"column":27},"end":{"line":3,"column":29}}],"line":3},"1":{"loc":{"start":{"line":17,"column":6},"end":{"line":19,"column":7}},"type":"if","locations":[{"start":{"line":17,"column":6},"end":{"line":19,"column":7}},{"start":{"line":17,"column":6},"end":{"line":19,"column":7}}],"line":17},"2":{"loc":{"start":{"line":26,"column":6},"end":{"line":28,"column":7}},"type":"if","locations":[{"start":{"line":26,"column":6},"end":{"line":28,"column":7}},{"start":{"line":26,"column":6},"end":{"line":28,"column":7}}],"line":26},"3":{"loc":{"start":{"line":31,"column":6},"end":{"line":33,"column":7}},"type":"if","locations":[{"start":{"line":31,"column":6},"end":{"line":33,"column":7}},{"start":{"line":31,"column":6},"end":{"line":33,"column":7}}],"line":31},"4":{"loc":{"start":{"line":40,"column":6},"end":{"line":42,"column":7}},"type":"if","locations":[{"start":{"line":40,"column":6},"end":{"line":42,"column":7}},{"start":{"line":40,"column":6},"end":{"line":42,"column":7}}],"line":40},"5":{"loc":{"start":{"line":45,"column":6},"end":{"line":47,"column":7}},"type":"if","locations":[{"start":{"line":45,"column":6},"end":{"line":47,"column":7}},{"start":{"line":45,"column":6},"end":{"line":47,"column":7}}],"line":45},"6":{"loc":{"start":{"line":54,"column":6},"end":{"line":56,"column":7}},"type":"if","locations":[{"start":{"line":54,"column":6},"end":{"line":56,"column":7}},{"start":{"line":54,"column":6},"end":{"line":56,"column":7}}],"line":54},"7":{"loc":{"start":{"line":63,"column":6},"end":{"line":65,"column":7}},"type":"if","locations":[{"start":{"line":63,"column":6},"end":{"line":65,"column":7}},{"start":{"line":63,"column":6},"end":{"line":65,"column":7}}],"line":63},"8":{"loc":{"start":{"line":68,"column":6},"end":{"line":70,"column":7}},"type":"if","locations":[{"start":{"line":68,"column":6},"end":{"line":70,"column":7}},{"start":{"line":68,"column":6},"end":{"line":70,"column":7}}],"line":68},"9":{"loc":{"start":{"line":77,"column":6},"end":{"line":79,"column":7}},"type":"if","locations":[{"start":{"line":77,"column":6},"end":{"line":79,"column":7}},{"start":{"line":77,"column":6},"end":{"line":79,"column":7}}],"line":77},"10":{"loc":{"start":{"line":82,"column":6},"end":{"line":84,"column":7}},"type":"if","locations":[{"start":{"line":82,"column":6},"end":{"line":84,"column":7}},{"start":{"line":82,"column":6},"end":{"line":84,"column":7}}],"line":82}},"s":{"0":22,"1":17,"2":1,"3":32,"4":1,"5":1,"6":3,"7":2,"8":1,"9":1,"10":1,"11":3,"12":3,"13":1,"14":3,"15":1,"16":1,"17":1,"18":1,"19":3,"20":1,"21":1,"22":3,"23":1,"24":1,"25":1,"26":1,"27":3,"28":2,"29":1,"30":1,"31":1,"32":3,"33":3,"34":1,"35":3,"36":1,"37":1,"38":1,"39":1,"40":3,"41":1,"42":1,"43":3,"44":1,"45":1,"46":1},"f":{"0":22,"1":17,"2":1,"3":32,"4":1,"5":3,"6":1,"7":3,"8":3,"9":1,"10":3,"11":3,"12":1,"13":3,"14":1,"15":3,"16":3,"17":1,"18":3,"19":3},"b":{"0":[22,7],"1":[2,1],"2":[3,0],"3":[1,2],"4":[1,2],"5":[1,2],"6":[2,1],"7":[3,0],"8":[1,2],"9":[1,2],"10":[1,2]},"_coverageSchema":"43e27e138ebf9cfc5966b082cf9a028302ed4184","hash":"f1dbfe649e5ca4412695fe999ae2a00441770e83"}
}
