TN:
SF:/home/evan/career-track/set/set.js
FN:2,(anonymous_0)
FN:5,(anonymous_1)
FN:8,(anonymous_2)
FN:11,(anonymous_3)
FN:14,(anonymous_4)
FN:16,(anonymous_5)
FN:23,(anonymous_6)
FN:25,(anonymous_7)
FN:30,(anonymous_8)
FN:37,(anonymous_9)
FN:39,(anonymous_10)
FN:44,(anonymous_11)
FN:51,(anonymous_12)
FN:53,(anonymous_13)
FN:60,(anonymous_14)
FN:62,(anonymous_15)
FN:67,(anonymous_16)
FN:74,(anonymous_17)
FN:76,(anonymous_18)
FN:81,(anonymous_19)
FNF:20
FNH:20
FNDA:22,(anonymous_0)
FNDA:17,(anonymous_1)
FNDA:1,(anonymous_2)
FNDA:32,(anonymous_3)
FNDA:1,(anonymous_4)
FNDA:3,(anonymous_5)
FNDA:1,(anonymous_6)
FNDA:3,(anonymous_7)
FNDA:3,(anonymous_8)
FNDA:1,(anonymous_9)
FNDA:3,(anonymous_10)
FNDA:3,(anonymous_11)
FNDA:1,(anonymous_12)
FNDA:3,(anonymous_13)
FNDA:1,(anonymous_14)
FNDA:3,(anonymous_15)
FNDA:3,(anonymous_16)
FNDA:1,(anonymous_17)
FNDA:3,(anonymous_18)
FNDA:3,(anonymous_19)
DA:3,22
DA:6,17
DA:9,1
DA:12,32
DA:15,1
DA:16,1
DA:17,3
DA:18,2
DA:21,1
DA:24,1
DA:25,1
DA:26,3
DA:27,3
DA:30,1
DA:31,3
DA:32,1
DA:35,1
DA:38,1
DA:39,1
DA:40,3
DA:41,1
DA:44,1
DA:45,3
DA:46,1
DA:49,1
DA:52,1
DA:53,1
DA:54,3
DA:55,2
DA:58,1
DA:61,1
DA:62,1
DA:63,3
DA:64,3
DA:67,1
DA:68,3
DA:69,1
DA:72,1
DA:75,1
DA:76,1
DA:77,3
DA:78,1
DA:81,1
DA:82,3
DA:83,1
DA:86,1
DA:90,1
LF:47
LH:47
BRDA:3,0,0,22
BRDA:3,0,1,7
BRDA:17,1,0,2
BRDA:17,1,1,1
BRDA:26,2,0,3
BRDA:26,2,1,0
BRDA:31,3,0,1
BRDA:31,3,1,2
BRDA:40,4,0,1
BRDA:40,4,1,2
BRDA:45,5,0,1
BRDA:45,5,1,2
BRDA:54,6,0,2
BRDA:54,6,1,1
BRDA:63,7,0,3
BRDA:63,7,1,0
BRDA:68,8,0,1
BRDA:68,8,1,2
BRDA:77,9,0,1
BRDA:77,9,1,2
BRDA:82,10,0,1
BRDA:82,10,1,2
BRF:22
BRH:20
end_of_record
