TN:
SF:/home/evan/career-track/set/set.js
FN:2,(anonymous_0)
FN:5,(anonymous_1)
FN:8,(anonymous_2)
FN:11,(anonymous_3)
FN:14,(anonymous_4)
FN:16,(anonymous_5)
FN:23,(anonymous_6)
FN:25,(anonymous_7)
FN:30,(anonymous_8)
FN:37,(anonymous_9)
FN:39,(anonymous_10)
FN:44,(anonymous_11)
FNF:12
FNH:12
FNDA:13,(anonymous_0)
FNDA:9,(anonymous_1)
FNDA:1,(anonymous_2)
FNDA:17,(anonymous_3)
FNDA:1,(anonymous_4)
FNDA:3,(anonymous_5)
FNDA:1,(anonymous_6)
FNDA:3,(anonymous_7)
FNDA:3,(anonymous_8)
FNDA:1,(anonymous_9)
FNDA:3,(anonymous_10)
FNDA:3,(anonymous_11)
DA:3,13
DA:6,9
DA:9,1
DA:12,17
DA:15,1
DA:16,1
DA:17,3
DA:18,2
DA:21,1
DA:24,1
DA:25,1
DA:26,3
DA:27,3
DA:30,1
DA:31,3
DA:32,1
DA:35,1
DA:38,1
DA:39,1
DA:40,3
DA:41,1
DA:44,1
DA:45,3
DA:46,1
DA:49,1
DA:53,1
LF:26
LH:26
BRDA:3,0,0,13
BRDA:3,0,1,4
BRDA:17,1,0,2
BRDA:17,1,1,1
BRDA:26,2,0,3
BRDA:26,2,1,0
BRDA:31,3,0,1
BRDA:31,3,1,2
BRDA:40,4,0,1
BRDA:40,4,1,2
BRDA:45,5,0,1
BRDA:45,5,1,2
BRF:12
BRH:11
end_of_record
